Using pre-set license
Built from '2022.1/staging' branch; Version is '2022.1.0b5 (9f5ac7cea48f) revision 10443463'; Using compiler version '192829333'; Build Type 'Release'
OS: 'Windows 10  (10.0.19044) 64bit Core' Language: 'en' Physical Memory: 16252 MB
BatchMode: 1, IsHumanControllingUs: 0, StartBugReporterOnCrash: 0, Is64bit: 1, IsPro: 0

COMMAND LINE ARGUMENTS:
C:\Program Files\Unity\Hub\Editor\2022.1.0b5\Editor\Unity.exe
-adb2
-batchMode
-noUpm
-name
AssetImportWorker2
-projectPath
C:/Users/jetam/FPG - Flat RPG
-logFile
Logs/AssetImportWorker2.log
-srvPort
57271
Successfully changed project path to: C:/Users/jetam/FPG - Flat RPG
C:/Users/jetam/FPG - Flat RPG
[UnityMemory] Configuration Parameters - Can be set up in boot.config
    "memorysetup-bucket-allocator-granularity=16"
    "memorysetup-bucket-allocator-bucket-count=8"
    "memorysetup-bucket-allocator-block-size=33554432"
    "memorysetup-bucket-allocator-block-count=8"
    "memorysetup-main-allocator-block-size=16777216"
    "memorysetup-thread-allocator-block-size=16777216"
    "memorysetup-gfx-main-allocator-block-size=16777216"
    "memorysetup-gfx-thread-allocator-block-size=16777216"
    "memorysetup-cache-allocator-block-size=4194304"
    "memorysetup-typetree-allocator-block-size=2097152"
    "memorysetup-profiler-bucket-allocator-granularity=16"
    "memorysetup-profiler-bucket-allocator-bucket-count=8"
    "memorysetup-profiler-bucket-allocator-block-size=33554432"
    "memorysetup-profiler-bucket-allocator-block-count=8"
    "memorysetup-profiler-allocator-block-size=16777216"
    "memorysetup-profiler-editor-allocator-block-size=1048576"
    "memorysetup-temp-allocator-size-main=16777216"
    "memorysetup-job-temp-allocator-block-size=2097152"
    "memorysetup-job-temp-allocator-block-size-background=1048576"
    "memorysetup-job-temp-allocator-reduction-small-platforms=262144"
    "memorysetup-temp-allocator-size-background-worker=32768"
    "memorysetup-temp-allocator-size-job-worker=262144"
    "memorysetup-temp-allocator-size-preload-manager=33554432"
    "memorysetup-temp-allocator-size-nav-mesh-worker=65536"
    "memorysetup-temp-allocator-size-audio-worker=65536"
    "memorysetup-temp-allocator-size-cloud-worker=32768"
    "memorysetup-temp-allocator-size-gi-baking-worker=262144"
    "memorysetup-temp-allocator-size-gfx=262144"
Refreshing native plugins compatible for Editor in 128.12 ms, found 4 plugins.
Preloading 0 native plugins for Editor in 0.00 ms.
Initialize engine version: 2022.1.0b5 (9f5ac7cea48f)
[Subsystems] Discovering subsystems at path C:/Program Files/Unity/Hub/Editor/2022.1.0b5/Editor/Data/Resources/UnitySubsystems
[Subsystems] Discovering subsystems at path C:/Users/jetam/FPG - Flat RPG/Assets
GfxDevice: creating device client; threaded=0; jobified=0
Direct3D:
    Version:  Direct3D 11.0 [level 11.1]
    Renderer: NVIDIA GeForce RTX 3060 Laptop GPU (ID=0x2560)
    Vendor:   NVIDIA
    VRAM:     6023 MB
    Driver:   30.0.15.1215
Initialize mono
Mono path[0] = 'C:/Program Files/Unity/Hub/Editor/2022.1.0b5/Editor/Data/Managed'
Mono path[1] = 'C:/Program Files/Unity/Hub/Editor/2022.1.0b5/Editor/Data/MonoBleedingEdge/lib/mono/unityjit-win32'
Mono config path = 'C:/Program Files/Unity/Hub/Editor/2022.1.0b5/Editor/Data/MonoBleedingEdge/etc'
Using monoOptions --debugger-agent=transport=dt_socket,embedding=1,server=y,suspend=n,address=127.0.0.1:56904
Begin MonoManager ReloadAssembly
Registering precompiled unity dll's ...
Register platform support module: C:/Program Files/Unity/Hub/Editor/2022.1.0b5/Editor/Data/PlaybackEngines/WindowsStandaloneSupport/UnityEditor.WindowsStandalone.Extensions.dll
Registered in 0.010090 seconds.
Native extension for WindowsStandalone target not found
Refreshing native plugins compatible for Editor in 112.58 ms, found 4 plugins.
Preloading 0 native plugins for Editor in 0.00 ms.
Mono: successfully reloaded assembly
- Completed reload, in  1.072 seconds
Domain Reload Profiling:
	ReloadAssembly (1073ms)
		BeginReloadAssembly (104ms)
			ExecutionOrderSort (0ms)
			DisableScriptedObjects (0ms)
			BackupInstance (0ms)
			ReleaseScriptingObjects (0ms)
			CreateAndSetChildDomain (1ms)
		EndReloadAssembly (731ms)
			LoadAssemblies (101ms)
			RebuildTransferFunctionScriptingTraits (0ms)
			SetupTypeCache (311ms)
				TypeCache.Initialize (310ms)
					TypeCache.ScanAssembly (309ms)
				ResolveRequiredComponents (0ms)
			ReleaseScriptCaches (0ms)
			RebuildScriptCaches (23ms)
			SetupLoadedEditorAssemblies (341ms)
				LogAssemblyErrors (0ms)
				InitializePlatformSupportModulesInManaged (16ms)
				SetLoadedEditorAssemblies (7ms)
				RefreshPlugins (113ms)
				BeforeProcessingInitializeOnLoad (1ms)
				ProcessInitializeOnLoadAttributes (128ms)
				ProcessInitializeOnLoadMethodAttributes (76ms)
				AfterProcessingInitializeOnLoad (0ms)
				EditorAssembliesLoaded (0ms)
			ExecutionOrderSort2 (0ms)
			AwakeInstancesAfterBackupRestoration (0ms)
Platform modules already initialized, skipping
Registering precompiled user dll's ...
Registered in 0.012780 seconds.
Begin MonoManager ReloadAssembly
Symbol file LoadedFromMemory doesn't match image C:\Users\jetam\FPG - Flat RPG\Library\PackageCache\com.unity.visualscripting@1.7.5\Editor\VisualScripting.Core\Dependencies\YamlDotNet\Unity.VisualScripting.YamlDotNet.dll
Symbol file LoadedFromMemory doesn't match image C:\Users\jetam\FPG - Flat RPG\Library\PackageCache\com.unity.visualscripting@1.7.5\Editor\VisualScripting.Core\Dependencies\DotNetZip\Unity.VisualScripting.IonicZip.dll
Native extension for WindowsStandalone target not found
Refreshing native plugins compatible for Editor in 110.87 ms, found 4 plugins.
Preloading 0 native plugins for Editor in 0.00 ms.
Mono: successfully reloaded assembly
- Completed reload, in  2.653 seconds
Domain Reload Profiling:
	ReloadAssembly (2654ms)
		BeginReloadAssembly (117ms)
			ExecutionOrderSort (0ms)
			DisableScriptedObjects (5ms)
			BackupInstance (0ms)
			ReleaseScriptingObjects (0ms)
			CreateAndSetChildDomain (20ms)
		EndReloadAssembly (2442ms)
			LoadAssemblies (95ms)
			RebuildTransferFunctionScriptingTraits (0ms)
			SetupTypeCache (429ms)
				TypeCache.Initialize (425ms)
					TypeCache.ScanAssembly (420ms)
				ResolveRequiredComponents (5ms)
			ReleaseScriptCaches (1ms)
			RebuildScriptCaches (55ms)
			SetupLoadedEditorAssemblies (1818ms)
				LogAssemblyErrors (0ms)
				InitializePlatformSupportModulesInManaged (12ms)
				SetLoadedEditorAssemblies (6ms)
				RefreshPlugins (111ms)
				BeforeProcessingInitializeOnLoad (98ms)
				ProcessInitializeOnLoadAttributes (1546ms)
				ProcessInitializeOnLoadMethodAttributes (34ms)
				AfterProcessingInitializeOnLoad (11ms)
				EditorAssembliesLoaded (0ms)
			ExecutionOrderSort2 (0ms)
			AwakeInstancesAfterBackupRestoration (6ms)
Platform modules already initialized, skipping
========================================================================
Worker process is ready to serve import requests
Launched and connected shader compiler UnityShaderCompiler.exe after 0.09 seconds
Refreshing native plugins compatible for Editor in 1.23 ms, found 4 plugins.
Preloading 0 native plugins for Editor in 0.00 ms.
Unloading 4145 Unused Serialized files (Serialized files now loaded: 0)
Unloading 52 unused Assets / (130.8 KB). Loaded Objects now: 4604.
Memory consumption went from 0.63 GB to 0.63 GB.
Total: 4.232400 ms (FindLiveObjects: 0.564300 ms CreateObjectMapping: 0.260500 ms MarkObjects: 3.298500 ms  DeleteObjects: 0.107900 ms)

AssetImportParameters requested are different than current active one (requested -> active):
  custom:video-decoder-ogg-theora: a1e56fd34408186e4bbccfd4996cb3dc -> 
  custom:container-muxer-webm: aa71ff27fc2769a1b78a27578f13a17b -> 
  custom:container-demuxer-webm: 4f35f7cbe854078d1ac9338744f61a02 -> 
  custom:video-encoder-webm-vp8: eb34c28f22e8b96e1ab97ce403110664 -> 
  custom:video-codec-MediaFoundation-h265: 746d11721c4dcdbdad8f713fa42b33f4 -> 
  custom:audio-encoder-webm-vorbis: bf7c407c2cedff20999df2af8eb42d56 -> 
  custom:framework-win-MediaFoundation: 216162199b28c13a410421893ffa2e32 -> 
  custom:container-demuxer-ogg: 62fdf1f143b41e24485cea50d1cbac27 -> 
  custom:video-decoder-webm-vp8: 9c59270c3fd7afecdb556c50c9e8de78 -> 
  custom:audio-decoder-ogg-vorbis: bf7c407c2cedff20999df2af8eb42d56 -> 
========================================================================
Received Prepare
Registering precompiled user dll's ...
Registered in 0.013272 seconds.
Begin MonoManager ReloadAssembly
Symbol file LoadedFromMemory doesn't match image C:\Users\jetam\FPG - Flat RPG\Library\PackageCache\com.unity.visualscripting@1.7.5\Editor\VisualScripting.Core\Dependencies\YamlDotNet\Unity.VisualScripting.YamlDotNet.dll
Symbol file LoadedFromMemory doesn't match image C:\Users\jetam\FPG - Flat RPG\Library\PackageCache\com.unity.visualscripting@1.7.5\Editor\VisualScripting.Core\Dependencies\DotNetZip\Unity.VisualScripting.IonicZip.dll
Native extension for WindowsStandalone target not found
Refreshing native plugins compatible for Editor in 1.26 ms, found 4 plugins.
Preloading 0 native plugins for Editor in 0.00 ms.
Mono: successfully reloaded assembly
- Completed reload, in  1.191 seconds
Domain Reload Profiling:
	ReloadAssembly (1192ms)
		BeginReloadAssembly (142ms)
			ExecutionOrderSort (0ms)
			DisableScriptedObjects (7ms)
			BackupInstance (0ms)
			ReleaseScriptingObjects (0ms)
			CreateAndSetChildDomain (41ms)
		EndReloadAssembly (951ms)
			LoadAssemblies (97ms)
			RebuildTransferFunctionScriptingTraits (0ms)
			SetupTypeCache (216ms)
				TypeCache.Initialize (212ms)
					TypeCache.ScanAssembly (205ms)
				ResolveRequiredComponents (5ms)
			ReleaseScriptCaches (1ms)
			RebuildScriptCaches (47ms)
			SetupLoadedEditorAssemblies (540ms)
				LogAssemblyErrors (0ms)
				InitializePlatformSupportModulesInManaged (17ms)
				SetLoadedEditorAssemblies (7ms)
				RefreshPlugins (1ms)
				BeforeProcessingInitializeOnLoad (81ms)
				ProcessInitializeOnLoadAttributes (388ms)
				ProcessInitializeOnLoadMethodAttributes (34ms)
				AfterProcessingInitializeOnLoad (12ms)
				EditorAssembliesLoaded (0ms)
			ExecutionOrderSort2 (0ms)
			AwakeInstancesAfterBackupRestoration (8ms)
Platform modules already initialized, skipping
Refreshing native plugins compatible for Editor in 3.80 ms, found 4 plugins.
Preloading 0 native plugins for Editor in 0.00 ms.
Unloading 4122 Unused Serialized files (Serialized files now loaded: 0)
Unloading 27 unused Assets / (103.2 KB). Loaded Objects now: 4618.
Memory consumption went from 0.63 GB to 0.63 GB.
Total: 3.223200 ms (FindLiveObjects: 0.261800 ms CreateObjectMapping: 0.097500 ms MarkObjects: 2.808600 ms  DeleteObjects: 0.054000 ms)

AssetImportParameters requested are different than current active one (requested -> active):
  custom:video-decoder-ogg-theora: a1e56fd34408186e4bbccfd4996cb3dc -> 
  custom:container-muxer-webm: aa71ff27fc2769a1b78a27578f13a17b -> 
  custom:container-demuxer-webm: 4f35f7cbe854078d1ac9338744f61a02 -> 
  custom:video-encoder-webm-vp8: eb34c28f22e8b96e1ab97ce403110664 -> 
  custom:video-codec-MediaFoundation-h265: 746d11721c4dcdbdad8f713fa42b33f4 -> 
  custom:audio-encoder-webm-vorbis: bf7c407c2cedff20999df2af8eb42d56 -> 
  custom:framework-win-MediaFoundation: 216162199b28c13a410421893ffa2e32 -> 
  custom:container-demuxer-ogg: 62fdf1f143b41e24485cea50d1cbac27 -> 
  custom:video-decoder-webm-vp8: 9c59270c3fd7afecdb556c50c9e8de78 -> 
  custom:audio-decoder-ogg-vorbis: bf7c407c2cedff20999df2af8eb42d56 -> 
========================================================================
Received Prepare
Registering precompiled user dll's ...
Registered in 0.016132 seconds.
Begin MonoManager ReloadAssembly
Symbol file LoadedFromMemory doesn't match image C:\Users\jetam\FPG - Flat RPG\Library\PackageCache\com.unity.visualscripting@1.7.5\Editor\VisualScripting.Core\Dependencies\YamlDotNet\Unity.VisualScripting.YamlDotNet.dll
Symbol file LoadedFromMemory doesn't match image C:\Users\jetam\FPG - Flat RPG\Library\PackageCache\com.unity.visualscripting@1.7.5\Editor\VisualScripting.Core\Dependencies\DotNetZip\Unity.VisualScripting.IonicZip.dll
Native extension for WindowsStandalone target not found
Refreshing native plugins compatible for Editor in 1.36 ms, found 4 plugins.
Preloading 0 native plugins for Editor in 0.00 ms.
Mono: successfully reloaded assembly
- Completed reload, in  1.151 seconds
Domain Reload Profiling:
	ReloadAssembly (1151ms)
		BeginReloadAssembly (161ms)
			ExecutionOrderSort (0ms)
			DisableScriptedObjects (6ms)
			BackupInstance (0ms)
			ReleaseScriptingObjects (0ms)
			CreateAndSetChildDomain (53ms)
		EndReloadAssembly (891ms)
			LoadAssemblies (98ms)
			RebuildTransferFunctionScriptingTraits (0ms)
			SetupTypeCache (204ms)
				TypeCache.Initialize (199ms)
					TypeCache.ScanAssembly (194ms)
				ResolveRequiredComponents (4ms)
			ReleaseScriptCaches (1ms)
			RebuildScriptCaches (44ms)
			SetupLoadedEditorAssemblies (502ms)
				LogAssemblyErrors (0ms)
				InitializePlatformSupportModulesInManaged (13ms)
				SetLoadedEditorAssemblies (5ms)
				RefreshPlugins (1ms)
				BeforeProcessingInitializeOnLoad (90ms)
				ProcessInitializeOnLoadAttributes (349ms)
				ProcessInitializeOnLoadMethodAttributes (30ms)
				AfterProcessingInitializeOnLoad (12ms)
				EditorAssembliesLoaded (0ms)
			ExecutionOrderSort2 (0ms)
			AwakeInstancesAfterBackupRestoration (9ms)
Platform modules already initialized, skipping
Refreshing native plugins compatible for Editor in 3.45 ms, found 4 plugins.
Preloading 0 native plugins for Editor in 0.00 ms.
Unloading 4122 Unused Serialized files (Serialized files now loaded: 0)
Unloading 27 unused Assets / (103.2 KB). Loaded Objects now: 4632.
Memory consumption went from 0.63 GB to 0.63 GB.
Total: 4.072800 ms (FindLiveObjects: 0.508800 ms CreateObjectMapping: 0.140400 ms MarkObjects: 3.373700 ms  DeleteObjects: 0.048700 ms)

AssetImportParameters requested are different than current active one (requested -> active):
  custom:video-decoder-ogg-theora: a1e56fd34408186e4bbccfd4996cb3dc -> 
  custom:container-muxer-webm: aa71ff27fc2769a1b78a27578f13a17b -> 
  custom:container-demuxer-webm: 4f35f7cbe854078d1ac9338744f61a02 -> 
  custom:video-encoder-webm-vp8: eb34c28f22e8b96e1ab97ce403110664 -> 
  custom:video-codec-MediaFoundation-h265: 746d11721c4dcdbdad8f713fa42b33f4 -> 
  custom:audio-encoder-webm-vorbis: bf7c407c2cedff20999df2af8eb42d56 -> 
  custom:framework-win-MediaFoundation: 216162199b28c13a410421893ffa2e32 -> 
  custom:container-demuxer-ogg: 62fdf1f143b41e24485cea50d1cbac27 -> 
  custom:video-decoder-webm-vp8: 9c59270c3fd7afecdb556c50c9e8de78 -> 
  custom:audio-decoder-ogg-vorbis: bf7c407c2cedff20999df2af8eb42d56 -> 
========================================================================
Received Prepare
Registering precompiled user dll's ...
Registered in 0.012755 seconds.
Begin MonoManager ReloadAssembly
Symbol file LoadedFromMemory doesn't match image C:\Users\jetam\FPG - Flat RPG\Library\PackageCache\com.unity.visualscripting@1.7.5\Editor\VisualScripting.Core\Dependencies\YamlDotNet\Unity.VisualScripting.YamlDotNet.dll
Symbol file LoadedFromMemory doesn't match image C:\Users\jetam\FPG - Flat RPG\Library\PackageCache\com.unity.visualscripting@1.7.5\Editor\VisualScripting.Core\Dependencies\DotNetZip\Unity.VisualScripting.IonicZip.dll
Native extension for WindowsStandalone target not found
Refreshing native plugins compatible for Editor in 1.22 ms, found 4 plugins.
Preloading 0 native plugins for Editor in 0.00 ms.
Mono: successfully reloaded assembly
- Completed reload, in  1.119 seconds
Domain Reload Profiling:
	ReloadAssembly (1120ms)
		BeginReloadAssembly (146ms)
			ExecutionOrderSort (0ms)
			DisableScriptedObjects (6ms)
			BackupInstance (0ms)
			ReleaseScriptingObjects (0ms)
			CreateAndSetChildDomain (44ms)
		EndReloadAssembly (878ms)
			LoadAssemblies (98ms)
			RebuildTransferFunctionScriptingTraits (0ms)
			SetupTypeCache (212ms)
				TypeCache.Initialize (207ms)
					TypeCache.ScanAssembly (202ms)
				ResolveRequiredComponents (5ms)
			ReleaseScriptCaches (2ms)
			RebuildScriptCaches (43ms)
			SetupLoadedEditorAssemblies (482ms)
				LogAssemblyErrors (0ms)
				InitializePlatformSupportModulesInManaged (12ms)
				SetLoadedEditorAssemblies (6ms)
				RefreshPlugins (1ms)
				BeforeProcessingInitializeOnLoad (88ms)
				ProcessInitializeOnLoadAttributes (330ms)
				ProcessInitializeOnLoadMethodAttributes (32ms)
				AfterProcessingInitializeOnLoad (11ms)
				EditorAssembliesLoaded (0ms)
			ExecutionOrderSort2 (0ms)
			AwakeInstancesAfterBackupRestoration (9ms)
Platform modules already initialized, skipping
Refreshing native plugins compatible for Editor in 3.51 ms, found 4 plugins.
Preloading 0 native plugins for Editor in 0.00 ms.
Unloading 4122 Unused Serialized files (Serialized files now loaded: 0)
Unloading 27 unused Assets / (103.2 KB). Loaded Objects now: 4646.
Memory consumption went from 0.63 GB to 0.63 GB.
Total: 3.711800 ms (FindLiveObjects: 0.269700 ms CreateObjectMapping: 0.107700 ms MarkObjects: 3.266000 ms  DeleteObjects: 0.067200 ms)

AssetImportParameters requested are different than current active one (requested -> active):
  custom:video-decoder-ogg-theora: a1e56fd34408186e4bbccfd4996cb3dc -> 
  custom:container-muxer-webm: aa71ff27fc2769a1b78a27578f13a17b -> 
  custom:container-demuxer-webm: 4f35f7cbe854078d1ac9338744f61a02 -> 
  custom:video-encoder-webm-vp8: eb34c28f22e8b96e1ab97ce403110664 -> 
  custom:video-codec-MediaFoundation-h265: 746d11721c4dcdbdad8f713fa42b33f4 -> 
  custom:audio-encoder-webm-vorbis: bf7c407c2cedff20999df2af8eb42d56 -> 
  custom:framework-win-MediaFoundation: 216162199b28c13a410421893ffa2e32 -> 
  custom:container-demuxer-ogg: 62fdf1f143b41e24485cea50d1cbac27 -> 
  custom:video-decoder-webm-vp8: 9c59270c3fd7afecdb556c50c9e8de78 -> 
  custom:audio-decoder-ogg-vorbis: bf7c407c2cedff20999df2af8eb42d56 -> 
========================================================================
Received Prepare
Registering precompiled user dll's ...
Registered in 0.014595 seconds.
Begin MonoManager ReloadAssembly
Symbol file LoadedFromMemory doesn't match image C:\Users\jetam\FPG - Flat RPG\Library\PackageCache\com.unity.visualscripting@1.7.5\Editor\VisualScripting.Core\Dependencies\YamlDotNet\Unity.VisualScripting.YamlDotNet.dll
Symbol file LoadedFromMemory doesn't match image C:\Users\jetam\FPG - Flat RPG\Library\PackageCache\com.unity.visualscripting@1.7.5\Editor\VisualScripting.Core\Dependencies\DotNetZip\Unity.VisualScripting.IonicZip.dll
Native extension for WindowsStandalone target not found
Refreshing native plugins compatible for Editor in 1.23 ms, found 4 plugins.
Preloading 0 native plugins for Editor in 0.00 ms.
Mono: successfully reloaded assembly
- Completed reload, in  1.224 seconds
Domain Reload Profiling:
	ReloadAssembly (1225ms)
		BeginReloadAssembly (161ms)
			ExecutionOrderSort (0ms)
			DisableScriptedObjects (7ms)
			BackupInstance (0ms)
			ReleaseScriptingObjects (0ms)
			CreateAndSetChildDomain (48ms)
		EndReloadAssembly (951ms)
			LoadAssemblies (109ms)
			RebuildTransferFunctionScriptingTraits (0ms)
			SetupTypeCache (235ms)
				TypeCache.Initialize (230ms)
					TypeCache.ScanAssembly (224ms)
				ResolveRequiredComponents (5ms)
			ReleaseScriptCaches (2ms)
			RebuildScriptCaches (50ms)
			SetupLoadedEditorAssemblies (514ms)
				LogAssemblyErrors (0ms)
				InitializePlatformSupportModulesInManaged (15ms)
				SetLoadedEditorAssemblies (7ms)
				RefreshPlugins (1ms)
				BeforeProcessingInitializeOnLoad (84ms)
				ProcessInitializeOnLoadAttributes (363ms)
				ProcessInitializeOnLoadMethodAttributes (31ms)
				AfterProcessingInitializeOnLoad (12ms)
				EditorAssembliesLoaded (0ms)
			ExecutionOrderSort2 (0ms)
			AwakeInstancesAfterBackupRestoration (8ms)
Platform modules already initialized, skipping
Refreshing native plugins compatible for Editor in 3.88 ms, found 4 plugins.
Preloading 0 native plugins for Editor in 0.00 ms.
Unloading 4122 Unused Serialized files (Serialized files now loaded: 0)
Unloading 27 unused Assets / (103.2 KB). Loaded Objects now: 4660.
Memory consumption went from 0.63 GB to 0.63 GB.
Total: 4.355200 ms (FindLiveObjects: 0.296700 ms CreateObjectMapping: 0.118300 ms MarkObjects: 3.885200 ms  DeleteObjects: 0.053700 ms)

AssetImportParameters requested are different than current active one (requested -> active):
  custom:video-decoder-ogg-theora: a1e56fd34408186e4bbccfd4996cb3dc -> 
  custom:container-muxer-webm: aa71ff27fc2769a1b78a27578f13a17b -> 
  custom:container-demuxer-webm: 4f35f7cbe854078d1ac9338744f61a02 -> 
  custom:video-encoder-webm-vp8: eb34c28f22e8b96e1ab97ce403110664 -> 
  custom:video-codec-MediaFoundation-h265: 746d11721c4dcdbdad8f713fa42b33f4 -> 
  custom:audio-encoder-webm-vorbis: bf7c407c2cedff20999df2af8eb42d56 -> 
  custom:framework-win-MediaFoundation: 216162199b28c13a410421893ffa2e32 -> 
  custom:container-demuxer-ogg: 62fdf1f143b41e24485cea50d1cbac27 -> 
  custom:video-decoder-webm-vp8: 9c59270c3fd7afecdb556c50c9e8de78 -> 
  custom:audio-decoder-ogg-vorbis: bf7c407c2cedff20999df2af8eb42d56 -> 
========================================================================
Received Prepare
Registering precompiled user dll's ...
Registered in 0.013385 seconds.
Begin MonoManager ReloadAssembly
Symbol file LoadedFromMemory doesn't match image C:\Users\jetam\FPG - Flat RPG\Library\PackageCache\com.unity.visualscripting@1.7.5\Editor\VisualScripting.Core\Dependencies\YamlDotNet\Unity.VisualScripting.YamlDotNet.dll
Symbol file LoadedFromMemory doesn't match image C:\Users\jetam\FPG - Flat RPG\Library\PackageCache\com.unity.visualscripting@1.7.5\Editor\VisualScripting.Core\Dependencies\DotNetZip\Unity.VisualScripting.IonicZip.dll
Native extension for WindowsStandalone target not found
Refreshing native plugins compatible for Editor in 1.70 ms, found 4 plugins.
Preloading 0 native plugins for Editor in 0.00 ms.
Mono: successfully reloaded assembly
- Completed reload, in  1.214 seconds
Domain Reload Profiling:
	ReloadAssembly (1215ms)
		BeginReloadAssembly (149ms)
			ExecutionOrderSort (0ms)
			DisableScriptedObjects (6ms)
			BackupInstance (0ms)
			ReleaseScriptingObjects (0ms)
			CreateAndSetChildDomain (42ms)
		EndReloadAssembly (961ms)
			LoadAssemblies (104ms)
			RebuildTransferFunctionScriptingTraits (0ms)
			SetupTypeCache (236ms)
				TypeCache.Initialize (232ms)
					TypeCache.ScanAssembly (227ms)
				ResolveRequiredComponents (5ms)
			ReleaseScriptCaches (2ms)
			RebuildScriptCaches (50ms)
			SetupLoadedEditorAssemblies (525ms)
				LogAssemblyErrors (0ms)
				InitializePlatformSupportModulesInManaged (13ms)
				SetLoadedEditorAssemblies (6ms)
				RefreshPlugins (2ms)
				BeforeProcessingInitializeOnLoad (80ms)
				ProcessInitializeOnLoadAttributes (376ms)
				ProcessInitializeOnLoadMethodAttributes (34ms)
				AfterProcessingInitializeOnLoad (13ms)
				EditorAssembliesLoaded (0ms)
			ExecutionOrderSort2 (0ms)
			AwakeInstancesAfterBackupRestoration (7ms)
Platform modules already initialized, skipping
Refreshing native plugins compatible for Editor in 3.99 ms, found 4 plugins.
Preloading 0 native plugins for Editor in 0.00 ms.
Unloading 4122 Unused Serialized files (Serialized files now loaded: 0)
Unloading 27 unused Assets / (103.2 KB). Loaded Objects now: 4674.
Memory consumption went from 0.63 GB to 0.63 GB.
Total: 3.632200 ms (FindLiveObjects: 0.326100 ms CreateObjectMapping: 0.135300 ms MarkObjects: 3.104100 ms  DeleteObjects: 0.065400 ms)

AssetImportParameters requested are different than current active one (requested -> active):
  custom:video-decoder-ogg-theora: a1e56fd34408186e4bbccfd4996cb3dc -> 
  custom:container-muxer-webm: aa71ff27fc2769a1b78a27578f13a17b -> 
  custom:container-demuxer-webm: 4f35f7cbe854078d1ac9338744f61a02 -> 
  custom:video-encoder-webm-vp8: eb34c28f22e8b96e1ab97ce403110664 -> 
  custom:video-codec-MediaFoundation-h265: 746d11721c4dcdbdad8f713fa42b33f4 -> 
  custom:audio-encoder-webm-vorbis: bf7c407c2cedff20999df2af8eb42d56 -> 
  custom:framework-win-MediaFoundation: 216162199b28c13a410421893ffa2e32 -> 
  custom:container-demuxer-ogg: 62fdf1f143b41e24485cea50d1cbac27 -> 
  custom:video-decoder-webm-vp8: 9c59270c3fd7afecdb556c50c9e8de78 -> 
  custom:audio-decoder-ogg-vorbis: bf7c407c2cedff20999df2af8eb42d56 -> 
========================================================================
Received Prepare
Registering precompiled user dll's ...
Registered in 0.012104 seconds.
Begin MonoManager ReloadAssembly
Symbol file LoadedFromMemory doesn't match image C:\Users\jetam\FPG - Flat RPG\Library\PackageCache\com.unity.visualscripting@1.7.5\Editor\VisualScripting.Core\Dependencies\YamlDotNet\Unity.VisualScripting.YamlDotNet.dll
Symbol file LoadedFromMemory doesn't match image C:\Users\jetam\FPG - Flat RPG\Library\PackageCache\com.unity.visualscripting@1.7.5\Editor\VisualScripting.Core\Dependencies\DotNetZip\Unity.VisualScripting.IonicZip.dll
Native extension for WindowsStandalone target not found
Refreshing native plugins compatible for Editor in 1.22 ms, found 4 plugins.
Preloading 0 native plugins for Editor in 0.00 ms.
Mono: successfully reloaded assembly
- Completed reload, in  1.214 seconds
Domain Reload Profiling:
	ReloadAssembly (1215ms)
		BeginReloadAssembly (140ms)
			ExecutionOrderSort (0ms)
			DisableScriptedObjects (5ms)
			BackupInstance (0ms)
			ReleaseScriptingObjects (0ms)
			CreateAndSetChildDomain (39ms)
		EndReloadAssembly (973ms)
			LoadAssemblies (95ms)
			RebuildTransferFunctionScriptingTraits (0ms)
			SetupTypeCache (239ms)
				TypeCache.Initialize (235ms)
					TypeCache.ScanAssembly (229ms)
				ResolveRequiredComponents (5ms)
			ReleaseScriptCaches (2ms)
			RebuildScriptCaches (44ms)
			SetupLoadedEditorAssemblies (542ms)
				LogAssemblyErrors (0ms)
				InitializePlatformSupportModulesInManaged (12ms)
				SetLoadedEditorAssemblies (5ms)
				RefreshPlugins (1ms)
				BeforeProcessingInitializeOnLoad (83ms)
				ProcessInitializeOnLoadAttributes (391ms)
				ProcessInitializeOnLoadMethodAttributes (37ms)
				AfterProcessingInitializeOnLoad (12ms)
				EditorAssembliesLoaded (0ms)
			ExecutionOrderSort2 (0ms)
			AwakeInstancesAfterBackupRestoration (9ms)
Platform modules already initialized, skipping
Refreshing native plugins compatible for Editor in 3.56 ms, found 4 plugins.
Preloading 0 native plugins for Editor in 0.00 ms.
Unloading 4122 Unused Serialized files (Serialized files now loaded: 0)
Unloading 27 unused Assets / (103.2 KB). Loaded Objects now: 4688.
Memory consumption went from 0.63 GB to 0.63 GB.
Total: 4.590500 ms (FindLiveObjects: 0.975800 ms CreateObjectMapping: 0.336400 ms MarkObjects: 3.221200 ms  DeleteObjects: 0.055000 ms)

AssetImportParameters requested are different than current active one (requested -> active):
  custom:video-decoder-ogg-theora: a1e56fd34408186e4bbccfd4996cb3dc -> 
  custom:container-muxer-webm: aa71ff27fc2769a1b78a27578f13a17b -> 
  custom:container-demuxer-webm: 4f35f7cbe854078d1ac9338744f61a02 -> 
  custom:video-encoder-webm-vp8: eb34c28f22e8b96e1ab97ce403110664 -> 
  custom:video-codec-MediaFoundation-h265: 746d11721c4dcdbdad8f713fa42b33f4 -> 
  custom:audio-encoder-webm-vorbis: bf7c407c2cedff20999df2af8eb42d56 -> 
  custom:framework-win-MediaFoundation: 216162199b28c13a410421893ffa2e32 -> 
  custom:container-demuxer-ogg: 62fdf1f143b41e24485cea50d1cbac27 -> 
  custom:video-decoder-webm-vp8: 9c59270c3fd7afecdb556c50c9e8de78 -> 
  custom:audio-decoder-ogg-vorbis: bf7c407c2cedff20999df2af8eb42d56 -> 
========================================================================
Received Prepare
Registering precompiled user dll's ...
Registered in 0.012843 seconds.
Begin MonoManager ReloadAssembly
Symbol file LoadedFromMemory doesn't match image C:\Users\jetam\FPG - Flat RPG\Library\PackageCache\com.unity.visualscripting@1.7.5\Editor\VisualScripting.Core\Dependencies\YamlDotNet\Unity.VisualScripting.YamlDotNet.dll
Symbol file LoadedFromMemory doesn't match image C:\Users\jetam\FPG - Flat RPG\Library\PackageCache\com.unity.visualscripting@1.7.5\Editor\VisualScripting.Core\Dependencies\DotNetZip\Unity.VisualScripting.IonicZip.dll
Native extension for WindowsStandalone target not found
Refreshing native plugins compatible for Editor in 1.37 ms, found 4 plugins.
Preloading 0 native plugins for Editor in 0.00 ms.
Mono: successfully reloaded assembly
- Completed reload, in  1.225 seconds
Domain Reload Profiling:
	ReloadAssembly (1226ms)
		BeginReloadAssembly (147ms)
			ExecutionOrderSort (0ms)
			DisableScriptedObjects (6ms)
			BackupInstance (0ms)
			ReleaseScriptingObjects (0ms)
			CreateAndSetChildDomain (40ms)
		EndReloadAssembly (976ms)
			LoadAssemblies (105ms)
			RebuildTransferFunctionScriptingTraits (0ms)
			SetupTypeCache (232ms)
				TypeCache.Initialize (226ms)
					TypeCache.ScanAssembly (220ms)
				ResolveRequiredComponents (6ms)
			ReleaseScriptCaches (2ms)
			RebuildScriptCaches (55ms)
			SetupLoadedEditorAssemblies (531ms)
				LogAssemblyErrors (0ms)
				InitializePlatformSupportModulesInManaged (16ms)
				SetLoadedEditorAssemblies (5ms)
				RefreshPlugins (1ms)
				BeforeProcessingInitializeOnLoad (83ms)
				ProcessInitializeOnLoadAttributes (378ms)
				ProcessInitializeOnLoadMethodAttributes (36ms)
				AfterProcessingInitializeOnLoad (12ms)
				EditorAssembliesLoaded (0ms)
			ExecutionOrderSort2 (0ms)
			AwakeInstancesAfterBackupRestoration (8ms)
Platform modules already initialized, skipping
Refreshing native plugins compatible for Editor in 4.08 ms, found 4 plugins.
Preloading 0 native plugins for Editor in 0.00 ms.
Unloading 4122 Unused Serialized files (Serialized files now loaded: 0)
Unloading 27 unused Assets / (104.3 KB). Loaded Objects now: 4702.
Memory consumption went from 0.63 GB to 0.63 GB.
Total: 3.675100 ms (FindLiveObjects: 0.296700 ms CreateObjectMapping: 0.108400 ms MarkObjects: 3.223100 ms  DeleteObjects: 0.045600 ms)

AssetImportParameters requested are different than current active one (requested -> active):
  custom:video-decoder-ogg-theora: a1e56fd34408186e4bbccfd4996cb3dc -> 
  custom:container-muxer-webm: aa71ff27fc2769a1b78a27578f13a17b -> 
  custom:container-demuxer-webm: 4f35f7cbe854078d1ac9338744f61a02 -> 
  custom:video-encoder-webm-vp8: eb34c28f22e8b96e1ab97ce403110664 -> 
  custom:video-codec-MediaFoundation-h265: 746d11721c4dcdbdad8f713fa42b33f4 -> 
  custom:audio-encoder-webm-vorbis: bf7c407c2cedff20999df2af8eb42d56 -> 
  custom:framework-win-MediaFoundation: 216162199b28c13a410421893ffa2e32 -> 
  custom:container-demuxer-ogg: 62fdf1f143b41e24485cea50d1cbac27 -> 
  custom:video-decoder-webm-vp8: 9c59270c3fd7afecdb556c50c9e8de78 -> 
  custom:audio-decoder-ogg-vorbis: bf7c407c2cedff20999df2af8eb42d56 -> 
========================================================================
Received Import Request.
  Time since last request: 589816.056272 seconds.
  path: Assets/Imports/SCI-FI UI Pack Pro/SCI-FI UI Components/Prefabs/Prefabs_Buttons/BasicPanel01Blue.prefab
  artifactKey: Guid(94a33399162afc64999d0cf3071e63a3) Importer(815301076,1909f56bfc062723c751e8b465ee728b)
Start importing Assets/Imports/SCI-FI UI Pack Pro/SCI-FI UI Components/Prefabs/Prefabs_Buttons/BasicPanel01Blue.prefab using Guid(94a33399162afc64999d0cf3071e63a3) Importer(815301076,1909f56bfc062723c751e8b465ee728b)  -> (artifact id: '691e666aff81fb894c6af3ba46de123c') in 0.088052 seconds 
========================================================================
Received Import Request.
  Time since last request: 0.000022 seconds.
  path: Assets/Imports/SCI-FI UI Pack Pro/SCI-FI UI Components/Prefabs/Prefabs_Buttons/BasicPanel03White.prefab
  artifactKey: Guid(85eded2ffc6ad844a8a024d1617930e9) Importer(815301076,1909f56bfc062723c751e8b465ee728b)
Start importing Assets/Imports/SCI-FI UI Pack Pro/SCI-FI UI Components/Prefabs/Prefabs_Buttons/BasicPanel03White.prefab using Guid(85eded2ffc6ad844a8a024d1617930e9) Importer(815301076,1909f56bfc062723c751e8b465ee728b)  -> (artifact id: '59c0712e838503c9b24a20dba3048e00') in 0.031003 seconds 
========================================================================
Received Import Request.
  Time since last request: 0.000033 seconds.
  path: Assets/Imports/SCI-FI UI Pack Pro/SCI-FI UI Components/Prefabs/Prefabs_Buttons/Btn01Red.prefab
  artifactKey: Guid(3e1f010d2e2ba2c4ab8efa99c1f1c085) Importer(815301076,1909f56bfc062723c751e8b465ee728b)
Start importing Assets/Imports/SCI-FI UI Pack Pro/SCI-FI UI Components/Prefabs/Prefabs_Buttons/Btn01Red.prefab using Guid(3e1f010d2e2ba2c4ab8efa99c1f1c085) Importer(815301076,1909f56bfc062723c751e8b465ee728b)  -> (artifact id: '7bcbaced00fc2d92556bad3fb4978b00') in 0.026166 seconds 
========================================================================
Received Import Request.
  Time since last request: 0.000025 seconds.
  path: Assets/Imports/SCI-FI UI Pack Pro/SCI-FI UI Components/Prefabs/Prefabs_Buttons/Btn03Green.prefab
  artifactKey: Guid(f9f6d16d5c3c3914db7ce4cb694ffca1) Importer(815301076,1909f56bfc062723c751e8b465ee728b)
Start importing Assets/Imports/SCI-FI UI Pack Pro/SCI-FI UI Components/Prefabs/Prefabs_Buttons/Btn03Green.prefab using Guid(f9f6d16d5c3c3914db7ce4cb694ffca1) Importer(815301076,1909f56bfc062723c751e8b465ee728b)  -> (artifact id: '2d3eb658f626e2fb95e237964f47cc83') in 0.026785 seconds 
========================================================================
Received Import Request.
  Time since last request: 0.000037 seconds.
  path: Assets/Imports/SCI-FI UI Pack Pro/SCI-FI UI Components/Prefabs/Prefabs_Buttons/Btn04Blue.prefab
  artifactKey: Guid(40fd47d399f29d546923dc80df06cc0a) Importer(815301076,1909f56bfc062723c751e8b465ee728b)
Start importing Assets/Imports/SCI-FI UI Pack Pro/SCI-FI UI Components/Prefabs/Prefabs_Buttons/Btn04Blue.prefab using Guid(40fd47d399f29d546923dc80df06cc0a) Importer(815301076,1909f56bfc062723c751e8b465ee728b)  -> (artifact id: '1366836d89d55c7b4d60ba6252d0373f') in 0.023473 seconds 
========================================================================
Received Import Request.
  Time since last request: 0.000022 seconds.
  path: Assets/Imports/SCI-FI UI Pack Pro/SCI-FI UI Components/Prefabs/Prefabs_Buttons/Btn04Yellow.prefab
  artifactKey: Guid(f1d4e95dfb913354aa2c7b5058533df5) Importer(815301076,1909f56bfc062723c751e8b465ee728b)
Start importing Assets/Imports/SCI-FI UI Pack Pro/SCI-FI UI Components/Prefabs/Prefabs_Buttons/Btn04Yellow.prefab using Guid(f1d4e95dfb913354aa2c7b5058533df5) Importer(815301076,1909f56bfc062723c751e8b465ee728b)  -> (artifact id: 'fb254a793da8842ae9c1b0e4dbebe241') in 0.024007 seconds 
========================================================================
Received Import Request.
  Time since last request: 0.000026 seconds.
  path: Assets/Imports/SCI-FI UI Pack Pro/SCI-FI UI Components/Prefabs/Prefabs_Buttons/Btn05Cyan.prefab
  artifactKey: Guid(5a1659608beef474586e700879e3d6e5) Importer(815301076,1909f56bfc062723c751e8b465ee728b)
Start importing Assets/Imports/SCI-FI UI Pack Pro/SCI-FI UI Components/Prefabs/Prefabs_Buttons/Btn05Cyan.prefab using Guid(5a1659608beef474586e700879e3d6e5) Importer(815301076,1909f56bfc062723c751e8b465ee728b)  -> (artifact id: '65bf0ac34b79a932599f4f84b75688af') in 0.027084 seconds 
========================================================================
Received Import Request.
  Time since last request: 0.000024 seconds.
  path: Assets/Imports/SCI-FI UI Pack Pro/SCI-FI UI Components/Prefabs/Prefabs_Buttons/Btn04Green.prefab
  artifactKey: Guid(2b396c70dc5082845943fcac43dcd3c1) Importer(815301076,1909f56bfc062723c751e8b465ee728b)
Start importing Assets/Imports/SCI-FI UI Pack Pro/SCI-FI UI Components/Prefabs/Prefabs_Buttons/Btn04Green.prefab using Guid(2b396c70dc5082845943fcac43dcd3c1) Importer(815301076,1909f56bfc062723c751e8b465ee728b)  -> (artifact id: '02362ef7aae5053b7ec6ccd2a8e874ac') in 0.025969 seconds 
========================================================================
Received Import Request.
  Time since last request: 0.000023 seconds.
  path: Assets/Imports/SCI-FI UI Pack Pro/SCI-FI UI Components/Prefabs/Prefabs_Buttons/Btn04Purple.prefab
  artifactKey: Guid(7803f3d2d7bbda247a1d8291ca9568c9) Importer(815301076,1909f56bfc062723c751e8b465ee728b)
Start importing Assets/Imports/SCI-FI UI Pack Pro/SCI-FI UI Components/Prefabs/Prefabs_Buttons/Btn04Purple.prefab using Guid(7803f3d2d7bbda247a1d8291ca9568c9) Importer(815301076,1909f56bfc062723c751e8b465ee728b)  -> (artifact id: '7c060fb6fd244eaaac672a347b14d387') in 0.027218 seconds 
========================================================================
Received Import Request.
  Time since last request: 0.000030 seconds.
  path: Assets/Imports/SCI-FI UI Pack Pro/SCI-FI UI Components/Prefabs/Prefabs_Buttons/Btn03Orange.prefab
  artifactKey: Guid(1ca60214dd6363c4f92017233463c948) Importer(815301076,1909f56bfc062723c751e8b465ee728b)
Start importing Assets/Imports/SCI-FI UI Pack Pro/SCI-FI UI Components/Prefabs/Prefabs_Buttons/Btn03Orange.prefab using Guid(1ca60214dd6363c4f92017233463c948) Importer(815301076,1909f56bfc062723c751e8b465ee728b)  -> (artifact id: 'f5d5d1e32e03b21f2c4a5ef0a54271a4') in 0.024497 seconds 
========================================================================
Received Import Request.
  Time since last request: 0.000028 seconds.
  path: Assets/Imports/SCI-FI UI Pack Pro/SCI-FI UI Components/Prefabs/Prefabs_Buttons/Btn01White.prefab
  artifactKey: Guid(f6e597bf7af048744a6331a956f4ecab) Importer(815301076,1909f56bfc062723c751e8b465ee728b)
Start importing Assets/Imports/SCI-FI UI Pack Pro/SCI-FI UI Components/Prefabs/Prefabs_Buttons/Btn01White.prefab using Guid(f6e597bf7af048744a6331a956f4ecab) Importer(815301076,1909f56bfc062723c751e8b465ee728b)  -> (artifact id: '81cd10b2d7c246c23073d25aa39e2bb4') in 0.027121 seconds 
========================================================================
Received Import Request.
  Time since last request: 0.000023 seconds.
  path: Assets/Imports/SCI-FI UI Pack Pro/SCI-FI UI Components/Prefabs/Prefabs_Buttons/Btn05Orange.prefab
  artifactKey: Guid(a4ad81b982e5a4641bee2738f7311b28) Importer(815301076,1909f56bfc062723c751e8b465ee728b)
Start importing Assets/Imports/SCI-FI UI Pack Pro/SCI-FI UI Components/Prefabs/Prefabs_Buttons/Btn05Orange.prefab using Guid(a4ad81b982e5a4641bee2738f7311b28) Importer(815301076,1909f56bfc062723c751e8b465ee728b)  -> (artifact id: 'c6dabbada8d560e4b4285108775bb1b4') in 0.025427 seconds 
========================================================================
Received Import Request.
  Time since last request: 0.000048 seconds.
  path: Assets/Imports/SCI-FI UI Pack Pro/SCI-FI UI Components/Prefabs/Prefabs_Buttons/Btn01Green.prefab
  artifactKey: Guid(97053c06b6ceb1c4e88a3d364e5a1059) Importer(815301076,1909f56bfc062723c751e8b465ee728b)
Start importing Assets/Imports/SCI-FI UI Pack Pro/SCI-FI UI Components/Prefabs/Prefabs_Buttons/Btn01Green.prefab using Guid(97053c06b6ceb1c4e88a3d364e5a1059) Importer(815301076,1909f56bfc062723c751e8b465ee728b)  -> (artifact id: '09f64832a7d8aec12d8bd594e78fc1ea') in 0.026157 seconds 
========================================================================
Received Import Request.
  Time since last request: 0.000036 seconds.
  path: Assets/Imports/SCI-FI UI Pack Pro/SCI-FI UI Components/Prefabs/Prefabs_Buttons/Btn01Cyan.prefab
  artifactKey: Guid(a3f7ccd467145c94097f934286e7469a) Importer(815301076,1909f56bfc062723c751e8b465ee728b)
Start importing Assets/Imports/SCI-FI UI Pack Pro/SCI-FI UI Components/Prefabs/Prefabs_Buttons/Btn01Cyan.prefab using Guid(a3f7ccd467145c94097f934286e7469a) Importer(815301076,1909f56bfc062723c751e8b465ee728b)  -> (artifact id: '3369096d49cc99057fd8c0db9d421b62') in 0.026446 seconds 
========================================================================
Received Import Request.
  Time since last request: 0.000028 seconds.
  path: Assets/Imports/SCI-FI UI Pack Pro/SCI-FI UI Components/Prefabs/Prefabs_Buttons/Btn03Purple.prefab
  artifactKey: Guid(d273c215aaf9fb4498e3a9fdae06f887) Importer(815301076,1909f56bfc062723c751e8b465ee728b)
Start importing Assets/Imports/SCI-FI UI Pack Pro/SCI-FI UI Components/Prefabs/Prefabs_Buttons/Btn03Purple.prefab using Guid(d273c215aaf9fb4498e3a9fdae06f887) Importer(815301076,1909f56bfc062723c751e8b465ee728b)  -> (artifact id: '6fec48ad198971a23760422c335f2f99') in 0.026719 seconds 
========================================================================
Received Import Request.
  Time since last request: 0.000029 seconds.
  path: Assets/Imports/SCI-FI UI Pack Pro/SCI-FI UI Components/Prefabs/Prefabs_Buttons/Btn02Cyan.prefab
  artifactKey: Guid(aa099456466b4524eb46f2dac819ff9c) Importer(815301076,1909f56bfc062723c751e8b465ee728b)
Start importing Assets/Imports/SCI-FI UI Pack Pro/SCI-FI UI Components/Prefabs/Prefabs_Buttons/Btn02Cyan.prefab using Guid(aa099456466b4524eb46f2dac819ff9c) Importer(815301076,1909f56bfc062723c751e8b465ee728b)  -> (artifact id: '422f2de3c017fc04cfacd9c7d6abdf28') in 0.026360 seconds 
========================================================================
Received Import Request.
  Time since last request: 0.000032 seconds.
  path: Assets/Imports/SCI-FI UI Pack Pro/SCI-FI UI Components/Prefabs/Prefabs_Buttons/Btn05Red.prefab
  artifactKey: Guid(06b8f880bd6cf564988a1b37b0dc5dcb) Importer(815301076,1909f56bfc062723c751e8b465ee728b)
Start importing Assets/Imports/SCI-FI UI Pack Pro/SCI-FI UI Components/Prefabs/Prefabs_Buttons/Btn05Red.prefab using Guid(06b8f880bd6cf564988a1b37b0dc5dcb) Importer(815301076,1909f56bfc062723c751e8b465ee728b)  -> (artifact id: '3b4e2b46d9cf6485b18b37387f91588c') in 0.024450 seconds 
========================================================================
Received Import Request.
  Time since last request: 0.000035 seconds.
  path: Assets/Imports/SCI-FI UI Pack Pro/SCI-FI UI Components/Prefabs/Prefabs_Buttons/Btn04Orange.prefab
  artifactKey: Guid(54f9a909ab486114a99563a07d2306b4) Importer(815301076,1909f56bfc062723c751e8b465ee728b)
Start importing Assets/Imports/SCI-FI UI Pack Pro/SCI-FI UI Components/Prefabs/Prefabs_Buttons/Btn04Orange.prefab using Guid(54f9a909ab486114a99563a07d2306b4) Importer(815301076,1909f56bfc062723c751e8b465ee728b)  -> (artifact id: '9644b267f1902b7506f99a2a361aa4a4') in 0.026403 seconds 
========================================================================
Received Import Request.
  Time since last request: 0.000026 seconds.
  path: Assets/Imports/SCI-FI UI Pack Pro/SCI-FI UI Components/Prefabs/Prefabs_Buttons/Btn05Purple.prefab
  artifactKey: Guid(89983962f756fa34989bb8fcb3fd57bc) Importer(815301076,1909f56bfc062723c751e8b465ee728b)
Start importing Assets/Imports/SCI-FI UI Pack Pro/SCI-FI UI Components/Prefabs/Prefabs_Buttons/Btn05Purple.prefab using Guid(89983962f756fa34989bb8fcb3fd57bc) Importer(815301076,1909f56bfc062723c751e8b465ee728b)  -> (artifact id: '3c46fdf7a6ceed9b754628611cca9818') in 0.024683 seconds 
========================================================================
Received Import Request.
  Time since last request: 0.000050 seconds.
  path: Assets/Imports/SCI-FI UI Pack Pro/SCI-FI UI Components/Prefabs/Prefabs_Buttons/Btn06Cyan.prefab
  artifactKey: Guid(a44937e12d5851141af565002ed731d9) Importer(815301076,1909f56bfc062723c751e8b465ee728b)
Start importing Assets/Imports/SCI-FI UI Pack Pro/SCI-FI UI Components/Prefabs/Prefabs_Buttons/Btn06Cyan.prefab using Guid(a44937e12d5851141af565002ed731d9) Importer(815301076,1909f56bfc062723c751e8b465ee728b)  -> (artifact id: '35a5d4ddb3cb3e5b4744ff80cc299f73') in 0.024191 seconds 
========================================================================
Received Import Request.
  Time since last request: 0.000039 seconds.
  path: Assets/Imports/SCI-FI UI Pack Pro/SCI-FI UI Components/Prefabs/Prefabs_Buttons/Btn05Yellow.prefab
  artifactKey: Guid(c590b86ef05eb0746afece4b77b743b8) Importer(815301076,1909f56bfc062723c751e8b465ee728b)
Start importing Assets/Imports/SCI-FI UI Pack Pro/SCI-FI UI Components/Prefabs/Prefabs_Buttons/Btn05Yellow.prefab using Guid(c590b86ef05eb0746afece4b77b743b8) Importer(815301076,1909f56bfc062723c751e8b465ee728b)  -> (artifact id: '2112c4dbb25c24f2d0ea8b6ad2dc1e22') in 0.028323 seconds 
========================================================================
Received Import Request.
  Time since last request: 0.000027 seconds.
  path: Assets/Imports/SCI-FI UI Pack Pro/SCI-FI UI Components/Prefabs/Prefabs_Buttons/Btn06Blue.prefab
  artifactKey: Guid(d301eac5c20ef714d9ed8b504efe6eca) Importer(815301076,1909f56bfc062723c751e8b465ee728b)
Start importing Assets/Imports/SCI-FI UI Pack Pro/SCI-FI UI Components/Prefabs/Prefabs_Buttons/Btn06Blue.prefab using Guid(d301eac5c20ef714d9ed8b504efe6eca) Importer(815301076,1909f56bfc062723c751e8b465ee728b)  -> (artifact id: 'cf1e4b2e54561163fb605ae2d36785b3') in 0.025615 seconds 
========================================================================
Received Import Request.
  Time since last request: 0.000031 seconds.
  path: Assets/Imports/SCI-FI UI Pack Pro/SCI-FI UI Components/Prefabs/Prefabs_Buttons/Btn02Yellow.prefab
  artifactKey: Guid(5fd591e3c59a1da45b8bedd8e16599d2) Importer(815301076,1909f56bfc062723c751e8b465ee728b)
Start importing Assets/Imports/SCI-FI UI Pack Pro/SCI-FI UI Components/Prefabs/Prefabs_Buttons/Btn02Yellow.prefab using Guid(5fd591e3c59a1da45b8bedd8e16599d2) Importer(815301076,1909f56bfc062723c751e8b465ee728b)  -> (artifact id: '9e3b10b221dce3e6203fbd44c9a09d86') in 0.025406 seconds 
========================================================================
Received Import Request.
  Time since last request: 0.000036 seconds.
  path: Assets/Imports/SCI-FI UI Pack Pro/SCI-FI UI Components/Prefabs/Prefabs_Buttons/Btn01Purple.prefab
  artifactKey: Guid(7e779b44eb0fdf743b975764fcd6cca6) Importer(815301076,1909f56bfc062723c751e8b465ee728b)
Start importing Assets/Imports/SCI-FI UI Pack Pro/SCI-FI UI Components/Prefabs/Prefabs_Buttons/Btn01Purple.prefab using Guid(7e779b44eb0fdf743b975764fcd6cca6) Importer(815301076,1909f56bfc062723c751e8b465ee728b)  -> (artifact id: 'ae23831c603939e1f653bea802415cee') in 0.024805 seconds 
========================================================================
Received Import Request.
  Time since last request: 1.430697 seconds.
  path: Assets/Imports/SCI-FI UI Pack Pro/SCI-FI UI Components/Prefabs/Prefabs_Buttons/Btn06Orange.prefab
  artifactKey: Guid(20d4749ec97c75f4f9753c488eb23337) Importer(815301076,1909f56bfc062723c751e8b465ee728b)
Start importing Assets/Imports/SCI-FI UI Pack Pro/SCI-FI UI Components/Prefabs/Prefabs_Buttons/Btn06Orange.prefab using Guid(20d4749ec97c75f4f9753c488eb23337) Importer(815301076,1909f56bfc062723c751e8b465ee728b)  -> (artifact id: '0e83b705031a63407d3e4933a880b255') in 0.022836 seconds 
========================================================================
Received Import Request.
  Time since last request: 0.000025 seconds.
  path: Assets/Imports/SCI-FI UI Pack Pro/SCI-FI UI Components/Prefabs/Prefabs_Buttons/Btn06Red.prefab
  artifactKey: Guid(6eba1a82112a448489262833e9ad965a) Importer(815301076,1909f56bfc062723c751e8b465ee728b)
Start importing Assets/Imports/SCI-FI UI Pack Pro/SCI-FI UI Components/Prefabs/Prefabs_Buttons/Btn06Red.prefab using Guid(6eba1a82112a448489262833e9ad965a) Importer(815301076,1909f56bfc062723c751e8b465ee728b)  -> (artifact id: '758fb5d9b5b22894165cbcf168416589') in 0.021867 seconds 
========================================================================
Received Import Request.
  Time since last request: 0.000026 seconds.
  path: Assets/Imports/SCI-FI UI Pack Pro/SCI-FI UI Components/Prefabs/Prefabs_Buttons/Btn07Red.prefab
  artifactKey: Guid(f7b5a665bb1f1544a9fef8807e854b02) Importer(815301076,1909f56bfc062723c751e8b465ee728b)
Start importing Assets/Imports/SCI-FI UI Pack Pro/SCI-FI UI Components/Prefabs/Prefabs_Buttons/Btn07Red.prefab using Guid(f7b5a665bb1f1544a9fef8807e854b02) Importer(815301076,1909f56bfc062723c751e8b465ee728b)  -> (artifact id: 'fa59c710589bd3b46eaa1fbf33ce0dde') in 0.026161 seconds 
========================================================================
Received Import Request.
  Time since last request: 0.000041 seconds.
  path: Assets/Imports/SCI-FI UI Pack Pro/SCI-FI UI Components/Prefabs/Prefabs_Buttons/Btn07Purple.prefab
  artifactKey: Guid(ef93c3bb40baa6645883cfa2a749159a) Importer(815301076,1909f56bfc062723c751e8b465ee728b)
Start importing Assets/Imports/SCI-FI UI Pack Pro/SCI-FI UI Components/Prefabs/Prefabs_Buttons/Btn07Purple.prefab using Guid(ef93c3bb40baa6645883cfa2a749159a) Importer(815301076,1909f56bfc062723c751e8b465ee728b)  -> (artifact id: '9567c27c98e7a64653956249983a4a11') in 0.024357 seconds 
========================================================================
Received Import Request.
  Time since last request: 0.000027 seconds.
  path: Assets/Imports/SCI-FI UI Pack Pro/SCI-FI UI Components/Prefabs/Prefabs_Buttons/Btn07Green.prefab
  artifactKey: Guid(dadd618d15c6c9e42b53b8bf4c10f800) Importer(815301076,1909f56bfc062723c751e8b465ee728b)
Start importing Assets/Imports/SCI-FI UI Pack Pro/SCI-FI UI Components/Prefabs/Prefabs_Buttons/Btn07Green.prefab using Guid(dadd618d15c6c9e42b53b8bf4c10f800) Importer(815301076,1909f56bfc062723c751e8b465ee728b)  -> (artifact id: '25a44726b5f673d55c721e8ffb94f794') in 0.023885 seconds 
========================================================================
Received Import Request.
  Time since last request: 0.000023 seconds.
  path: Assets/Imports/SCI-FI UI Pack Pro/SCI-FI UI Components/Prefabs/Prefabs_Buttons/Btn06White.prefab
  artifactKey: Guid(f772e26f72475b8499b06d0cad68c1f4) Importer(815301076,1909f56bfc062723c751e8b465ee728b)
Start importing Assets/Imports/SCI-FI UI Pack Pro/SCI-FI UI Components/Prefabs/Prefabs_Buttons/Btn06White.prefab using Guid(f772e26f72475b8499b06d0cad68c1f4) Importer(815301076,1909f56bfc062723c751e8b465ee728b)  -> (artifact id: '444412778eba8f0146f4faba44fa7513') in 0.024267 seconds 
Editor requested this worker to shutdown with reason: Scaling down because of idle timeout
AssetImportWorker is now disconnected from the server
Process exiting
Exiting without the bug reporter. Application will terminate with return code 0