Using pre-set license
Built from '2022.1/staging' branch; Version is '2022.1.0b5 (9f5ac7cea48f) revision 10443463'; Using compiler version '192829333'; Build Type 'Release'
OS: 'Windows 10  (10.0.19044) 64bit Core' Language: 'en' Physical Memory: 16252 MB
BatchMode: 1, IsHumanControllingUs: 0, StartBugReporterOnCrash: 0, Is64bit: 1, IsPro: 0

COMMAND LINE ARGUMENTS:
C:\Program Files\Unity\Hub\Editor\2022.1.0b5\Editor\Unity.exe
-adb2
-batchMode
-noUpm
-name
AssetImportWorker1
-projectPath
C:/Users/jetam/FPG - Flat RPG
-logFile
Logs/AssetImportWorker1.log
-srvPort
49255
Successfully changed project path to: C:/Users/jetam/FPG - Flat RPG
C:/Users/jetam/FPG - Flat RPG
[UnityMemory] Configuration Parameters - Can be set up in boot.config
    "memorysetup-bucket-allocator-granularity=16"
    "memorysetup-bucket-allocator-bucket-count=8"
    "memorysetup-bucket-allocator-block-size=33554432"
    "memorysetup-bucket-allocator-block-count=8"
    "memorysetup-main-allocator-block-size=16777216"
    "memorysetup-thread-allocator-block-size=16777216"
    "memorysetup-gfx-main-allocator-block-size=16777216"
    "memorysetup-gfx-thread-allocator-block-size=16777216"
    "memorysetup-cache-allocator-block-size=4194304"
    "memorysetup-typetree-allocator-block-size=2097152"
    "memorysetup-profiler-bucket-allocator-granularity=16"
    "memorysetup-profiler-bucket-allocator-bucket-count=8"
    "memorysetup-profiler-bucket-allocator-block-size=33554432"
    "memorysetup-profiler-bucket-allocator-block-count=8"
    "memorysetup-profiler-allocator-block-size=16777216"
    "memorysetup-profiler-editor-allocator-block-size=1048576"
    "memorysetup-temp-allocator-size-main=16777216"
    "memorysetup-job-temp-allocator-block-size=2097152"
    "memorysetup-job-temp-allocator-block-size-background=1048576"
    "memorysetup-job-temp-allocator-reduction-small-platforms=262144"
    "memorysetup-temp-allocator-size-background-worker=32768"
    "memorysetup-temp-allocator-size-job-worker=262144"
    "memorysetup-temp-allocator-size-preload-manager=33554432"
    "memorysetup-temp-allocator-size-nav-mesh-worker=65536"
    "memorysetup-temp-allocator-size-audio-worker=65536"
    "memorysetup-temp-allocator-size-cloud-worker=32768"
    "memorysetup-temp-allocator-size-gi-baking-worker=262144"
    "memorysetup-temp-allocator-size-gfx=262144"
Refreshing native plugins compatible for Editor in 138.36 ms, found 4 plugins.
Preloading 0 native plugins for Editor in 0.00 ms.
Initialize engine version: 2022.1.0b5 (9f5ac7cea48f)
[Subsystems] Discovering subsystems at path C:/Program Files/Unity/Hub/Editor/2022.1.0b5/Editor/Data/Resources/UnitySubsystems
[Subsystems] Discovering subsystems at path C:/Users/jetam/FPG - Flat RPG/Assets
GfxDevice: creating device client; threaded=0; jobified=0
Direct3D:
    Version:  Direct3D 11.0 [level 11.1]
    Renderer: NVIDIA GeForce RTX 3060 Laptop GPU (ID=0x2560)
    Vendor:   NVIDIA
    VRAM:     6023 MB
    Driver:   30.0.15.1215
Initialize mono
Mono path[0] = 'C:/Program Files/Unity/Hub/Editor/2022.1.0b5/Editor/Data/Managed'
Mono path[1] = 'C:/Program Files/Unity/Hub/Editor/2022.1.0b5/Editor/Data/MonoBleedingEdge/lib/mono/unityjit-win32'
Mono config path = 'C:/Program Files/Unity/Hub/Editor/2022.1.0b5/Editor/Data/MonoBleedingEdge/etc'
Using monoOptions --debugger-agent=transport=dt_socket,embedding=1,server=y,suspend=n,address=127.0.0.1:56548
Begin MonoManager ReloadAssembly
Registering precompiled unity dll's ...
Register platform support module: C:/Program Files/Unity/Hub/Editor/2022.1.0b5/Editor/Data/PlaybackEngines/WindowsStandaloneSupport/UnityEditor.WindowsStandalone.Extensions.dll
Registered in 0.011113 seconds.
Native extension for WindowsStandalone target not found
Refreshing native plugins compatible for Editor in 145.75 ms, found 4 plugins.
Preloading 0 native plugins for Editor in 0.00 ms.
Mono: successfully reloaded assembly
- Completed reload, in  0.761 seconds
Domain Reload Profiling:
	ReloadAssembly (762ms)
		BeginReloadAssembly (86ms)
			ExecutionOrderSort (0ms)
			DisableScriptedObjects (0ms)
			BackupInstance (0ms)
			ReleaseScriptingObjects (0ms)
			CreateAndSetChildDomain (1ms)
		EndReloadAssembly (577ms)
			LoadAssemblies (83ms)
			RebuildTransferFunctionScriptingTraits (0ms)
			SetupTypeCache (104ms)
				TypeCache.Initialize (104ms)
					TypeCache.ScanAssembly (102ms)
				ResolveRequiredComponents (0ms)
			ReleaseScriptCaches (0ms)
			RebuildScriptCaches (28ms)
			SetupLoadedEditorAssemblies (375ms)
				LogAssemblyErrors (0ms)
				InitializePlatformSupportModulesInManaged (20ms)
				SetLoadedEditorAssemblies (7ms)
				RefreshPlugins (146ms)
				BeforeProcessingInitializeOnLoad (2ms)
				ProcessInitializeOnLoadAttributes (155ms)
				ProcessInitializeOnLoadMethodAttributes (45ms)
				AfterProcessingInitializeOnLoad (0ms)
				EditorAssembliesLoaded (0ms)
			ExecutionOrderSort2 (0ms)
			AwakeInstancesAfterBackupRestoration (0ms)
Platform modules already initialized, skipping
Registering precompiled user dll's ...
Registered in 0.009387 seconds.
Begin MonoManager ReloadAssembly
Symbol file LoadedFromMemory doesn't match image C:\Users\jetam\FPG - Flat RPG\Library\PackageCache\com.unity.visualscripting@1.7.5\Editor\VisualScripting.Core\Dependencies\YamlDotNet\Unity.VisualScripting.YamlDotNet.dll
Symbol file LoadedFromMemory doesn't match image C:\Users\jetam\FPG - Flat RPG\Library\PackageCache\com.unity.visualscripting@1.7.5\Editor\VisualScripting.Core\Dependencies\DotNetZip\Unity.VisualScripting.IonicZip.dll
Native extension for WindowsStandalone target not found
Refreshing native plugins compatible for Editor in 138.34 ms, found 4 plugins.
Preloading 0 native plugins for Editor in 0.00 ms.
Mono: successfully reloaded assembly
- Completed reload, in  2.087 seconds
Domain Reload Profiling:
	ReloadAssembly (2088ms)
		BeginReloadAssembly (131ms)
			ExecutionOrderSort (0ms)
			DisableScriptedObjects (5ms)
			BackupInstance (0ms)
			ReleaseScriptingObjects (0ms)
			CreateAndSetChildDomain (24ms)
		EndReloadAssembly (1832ms)
			LoadAssemblies (96ms)
			RebuildTransferFunctionScriptingTraits (0ms)
			SetupTypeCache (268ms)
				TypeCache.Initialize (259ms)
					TypeCache.ScanAssembly (253ms)
				ResolveRequiredComponents (9ms)
			ReleaseScriptCaches (1ms)
			RebuildScriptCaches (74ms)
			SetupLoadedEditorAssemblies (1326ms)
				LogAssemblyErrors (0ms)
				InitializePlatformSupportModulesInManaged (13ms)
				SetLoadedEditorAssemblies (7ms)
				RefreshPlugins (138ms)
				BeforeProcessingInitializeOnLoad (115ms)
				ProcessInitializeOnLoadAttributes (1001ms)
				ProcessInitializeOnLoadMethodAttributes (40ms)
				AfterProcessingInitializeOnLoad (11ms)
				EditorAssembliesLoaded (0ms)
			ExecutionOrderSort2 (0ms)
			AwakeInstancesAfterBackupRestoration (9ms)
Platform modules already initialized, skipping
========================================================================
Worker process is ready to serve import requests
Launched and connected shader compiler UnityShaderCompiler.exe after 0.07 seconds
Refreshing native plugins compatible for Editor in 2.43 ms, found 4 plugins.
Preloading 0 native plugins for Editor in 0.00 ms.
Unloading 4315 Unused Serialized files (Serialized files now loaded: 0)
Unloading 63 unused Assets / (1.3 MB). Loaded Objects now: 4765.
Memory consumption went from 0.66 GB to 0.66 GB.
Total: 6.346100 ms (FindLiveObjects: 0.664100 ms CreateObjectMapping: 0.347300 ms MarkObjects: 4.862700 ms  DeleteObjects: 0.470500 ms)

AssetImportParameters requested are different than current active one (requested -> active):
  custom:video-decoder-ogg-theora: a1e56fd34408186e4bbccfd4996cb3dc -> 
  custom:container-muxer-webm: aa71ff27fc2769a1b78a27578f13a17b -> 
  custom:container-demuxer-webm: 4f35f7cbe854078d1ac9338744f61a02 -> 
  custom:video-encoder-webm-vp8: eb34c28f22e8b96e1ab97ce403110664 -> 
  custom:video-codec-MediaFoundation-h265: 746d11721c4dcdbdad8f713fa42b33f4 -> 
  custom:audio-encoder-webm-vorbis: bf7c407c2cedff20999df2af8eb42d56 -> 
  custom:framework-win-MediaFoundation: 216162199b28c13a410421893ffa2e32 -> 
  custom:container-demuxer-ogg: 62fdf1f143b41e24485cea50d1cbac27 -> 
  custom:video-decoder-webm-vp8: 9c59270c3fd7afecdb556c50c9e8de78 -> 
  custom:audio-decoder-ogg-vorbis: bf7c407c2cedff20999df2af8eb42d56 -> 
========================================================================
Received Import Request.
  Time since last request: 183808.156768 seconds.
  path: Assets/Prefabs/BossAssasin.prefab
  artifactKey: Guid(c016dcbaf0c4b844cb67ba631c277106) Importer(815301076,1909f56bfc062723c751e8b465ee728b)
Start importing Assets/Prefabs/BossAssasin.prefab using Guid(c016dcbaf0c4b844cb67ba631c277106) Importer(815301076,1909f56bfc062723c751e8b465ee728b)  -> (artifact id: '2a1f945adb02304519edd1ddd4151874') in 0.199401 seconds 
========================================================================
Received Import Request.
  Time since last request: 0.023168 seconds.
  path: Assets/Prefabs/ArmoredFighter.prefab
  artifactKey: Guid(20ed0e47078445e409aa192c7d2757d4) Importer(815301076,1909f56bfc062723c751e8b465ee728b)
Start importing Assets/Prefabs/ArmoredFighter.prefab using Guid(20ed0e47078445e409aa192c7d2757d4) Importer(815301076,1909f56bfc062723c751e8b465ee728b)  -> (artifact id: '38ab7f68b96b5d520a6f037d880d4212') in 0.042509 seconds 
========================================================================
Received Import Request.
  Time since last request: 0.000026 seconds.
  path: Assets/Prefabs/BossAssasin.prefab
  artifactKey: Guid(c016dcbaf0c4b844cb67ba631c277106) Importer(815301076,1909f56bfc062723c751e8b465ee728b)
Start importing Assets/Prefabs/BossAssasin.prefab using Guid(c016dcbaf0c4b844cb67ba631c277106) Importer(815301076,1909f56bfc062723c751e8b465ee728b)  -> (artifact id: '5a238ac7bb1d181f937b3f8cf13770cc') in 0.033991 seconds 
========================================================================
Received Import Request.
  Time since last request: 0.000040 seconds.
  path: Assets/Prefabs/TextHolder.prefab
  artifactKey: Guid(4abe907b3838e624ebcd32aafcef55ce) Importer(815301076,1909f56bfc062723c751e8b465ee728b)
Start importing Assets/Prefabs/TextHolder.prefab using Guid(4abe907b3838e624ebcd32aafcef55ce) Importer(815301076,1909f56bfc062723c751e8b465ee728b)  -> (artifact id: '51eefad65ed05f62dd6c97abe7d7587e') in 0.026796 seconds 
========================================================================
Received Import Request.
  Time since last request: 0.000027 seconds.
  path: Assets/Prefabs/MaxEnemy.prefab
  artifactKey: Guid(f490a2c8e74c4ae4183f00f6be619013) Importer(815301076,1909f56bfc062723c751e8b465ee728b)
Start importing Assets/Prefabs/MaxEnemy.prefab using Guid(f490a2c8e74c4ae4183f00f6be619013) Importer(815301076,1909f56bfc062723c751e8b465ee728b)  -> (artifact id: '072826ed5b4d459a7ad184b745b337e7') in 0.036238 seconds 
========================================================================
Received Import Request.
  Time since last request: 0.000022 seconds.
  path: Assets/Prefabs/Fighter.prefab
  artifactKey: Guid(4b0a714e4703f3f45b588248dab5033e) Importer(815301076,1909f56bfc062723c751e8b465ee728b)
Start importing Assets/Prefabs/Fighter.prefab using Guid(4b0a714e4703f3f45b588248dab5033e) Importer(815301076,1909f56bfc062723c751e8b465ee728b)  -> (artifact id: 'b4e1fc11dbd03a62dcd25ea02fc0ac03') in 0.035436 seconds 
========================================================================
Received Import Request.
  Time since last request: 6.155838 seconds.
  path: Assets/Prefabs/ArmoredFighter.prefab
  artifactKey: Guid(20ed0e47078445e409aa192c7d2757d4) Importer(815301076,1909f56bfc062723c751e8b465ee728b)
Start importing Assets/Prefabs/ArmoredFighter.prefab using Guid(20ed0e47078445e409aa192c7d2757d4) Importer(815301076,1909f56bfc062723c751e8b465ee728b)  -> (artifact id: '560495be0edc134df106afa6e67c06b9') in 0.031696 seconds 
========================================================================
Received Import Request.
  Time since last request: 0.000021 seconds.
  path: Assets/Prefabs/ArmoredTank.prefab
  artifactKey: Guid(a807962e94ba39e40b7fac9e8daee942) Importer(815301076,1909f56bfc062723c751e8b465ee728b)
Start importing Assets/Prefabs/ArmoredTank.prefab using Guid(a807962e94ba39e40b7fac9e8daee942) Importer(815301076,1909f56bfc062723c751e8b465ee728b)  -> (artifact id: '302ad42079d6512a125db778113dd4e1') in 0.031422 seconds 
========================================================================
Received Import Request.
  Time since last request: 0.000036 seconds.
  path: Assets/Prefabs/TextHolder.prefab
  artifactKey: Guid(4abe907b3838e624ebcd32aafcef55ce) Importer(815301076,1909f56bfc062723c751e8b465ee728b)
Start importing Assets/Prefabs/TextHolder.prefab using Guid(4abe907b3838e624ebcd32aafcef55ce) Importer(815301076,1909f56bfc062723c751e8b465ee728b)  -> (artifact id: '9a164d4a2a0ba54553abdbd9ca889b45') in 0.019784 seconds 
========================================================================
Received Import Request.
  Time since last request: 0.000031 seconds.
  path: Assets/Prefabs/MaxEnemy.prefab
  artifactKey: Guid(f490a2c8e74c4ae4183f00f6be619013) Importer(815301076,1909f56bfc062723c751e8b465ee728b)
Start importing Assets/Prefabs/MaxEnemy.prefab using Guid(f490a2c8e74c4ae4183f00f6be619013) Importer(815301076,1909f56bfc062723c751e8b465ee728b)  -> (artifact id: '10d490d7b26631fd8728e735d752bcf9') in 0.030501 seconds 
========================================================================
Received Import Request.
  Time since last request: 34.285642 seconds.
  path: Assets/Prefabs/ArmoredFighter.prefab
  artifactKey: Guid(20ed0e47078445e409aa192c7d2757d4) Importer(815301076,1909f56bfc062723c751e8b465ee728b)
Start importing Assets/Prefabs/ArmoredFighter.prefab using Guid(20ed0e47078445e409aa192c7d2757d4) Importer(815301076,1909f56bfc062723c751e8b465ee728b)  -> (artifact id: 'e8b6fe1df1f13d7212e645ab3d873055') in 0.031956 seconds 
========================================================================
Received Import Request.
  Time since last request: 0.000019 seconds.
  path: Assets/Prefabs/BossFighter.prefab
  artifactKey: Guid(e0469f4bb2267dc40a700f44504d6a1c) Importer(815301076,1909f56bfc062723c751e8b465ee728b)
Start importing Assets/Prefabs/BossFighter.prefab using Guid(e0469f4bb2267dc40a700f44504d6a1c) Importer(815301076,1909f56bfc062723c751e8b465ee728b)  -> (artifact id: '9f1cac51d5dd7b6d6363c014c263f69b') in 0.033407 seconds 
========================================================================
Received Import Request.
  Time since last request: 0.000023 seconds.
  path: Assets/Prefabs/Enemy.prefab
  artifactKey: Guid(b8b767394c8da00438e1f522cbe33992) Importer(815301076,1909f56bfc062723c751e8b465ee728b)
Start importing Assets/Prefabs/Enemy.prefab using Guid(b8b767394c8da00438e1f522cbe33992) Importer(815301076,1909f56bfc062723c751e8b465ee728b)  -> (artifact id: '6809a4dd910ac26f3b42c8a3fa069f65') in 0.030478 seconds 
========================================================================
Received Import Request.
  Time since last request: 0.084609 seconds.
  path: Assets/Prefabs/ArmoredFighter.prefab
  artifactKey: Guid(20ed0e47078445e409aa192c7d2757d4) Importer(815301076,1909f56bfc062723c751e8b465ee728b)
Start importing Assets/Prefabs/ArmoredFighter.prefab using Guid(20ed0e47078445e409aa192c7d2757d4) Importer(815301076,1909f56bfc062723c751e8b465ee728b)  -> (artifact id: 'd50d1d571e197dfa556ec050e151d576') in 0.035759 seconds 
========================================================================
Received Import Request.
  Time since last request: 0.000021 seconds.
  path: Assets/Prefabs/ArmoredTank.prefab
  artifactKey: Guid(a807962e94ba39e40b7fac9e8daee942) Importer(815301076,1909f56bfc062723c751e8b465ee728b)
Start importing Assets/Prefabs/ArmoredTank.prefab using Guid(a807962e94ba39e40b7fac9e8daee942) Importer(815301076,1909f56bfc062723c751e8b465ee728b)  -> (artifact id: '19a63fe6d5b2b03a87b2dee1001a6696') in 0.032972 seconds 
========================================================================
Received Import Request.
  Time since last request: 0.000029 seconds.
  path: Assets/Prefabs/Tank.prefab
  artifactKey: Guid(634b1154b9295cf4e922bc1ca5a0f095) Importer(815301076,1909f56bfc062723c751e8b465ee728b)
Start importing Assets/Prefabs/Tank.prefab using Guid(634b1154b9295cf4e922bc1ca5a0f095) Importer(815301076,1909f56bfc062723c751e8b465ee728b)  -> (artifact id: 'aacb7304a71cf6aafd68a69128a890b2') in 0.030604 seconds 
========================================================================
Received Import Request.
  Time since last request: 0.000036 seconds.
  path: Assets/Prefabs/Fighter.prefab
  artifactKey: Guid(4b0a714e4703f3f45b588248dab5033e) Importer(815301076,1909f56bfc062723c751e8b465ee728b)
Start importing Assets/Prefabs/Fighter.prefab using Guid(4b0a714e4703f3f45b588248dab5033e) Importer(815301076,1909f56bfc062723c751e8b465ee728b)  -> (artifact id: '92323db6b273ab990bbe629639736998') in 0.034524 seconds 
========================================================================
Received Import Request.
  Time since last request: 7.802085 seconds.
  path: Assets/Prefabs/ArmoredFighter.prefab
  artifactKey: Guid(20ed0e47078445e409aa192c7d2757d4) Importer(815301076,1909f56bfc062723c751e8b465ee728b)
Start importing Assets/Prefabs/ArmoredFighter.prefab using Guid(20ed0e47078445e409aa192c7d2757d4) Importer(815301076,1909f56bfc062723c751e8b465ee728b)  -> (artifact id: 'e44bbe8bb631e87a22f2f22a401eb4cd') in 0.031367 seconds 
========================================================================
Received Import Request.
  Time since last request: 0.000021 seconds.
  path: Assets/Prefabs/BossFighter.prefab
  artifactKey: Guid(e0469f4bb2267dc40a700f44504d6a1c) Importer(815301076,1909f56bfc062723c751e8b465ee728b)
Start importing Assets/Prefabs/BossFighter.prefab using Guid(e0469f4bb2267dc40a700f44504d6a1c) Importer(815301076,1909f56bfc062723c751e8b465ee728b)  -> (artifact id: '7bc3922bfb3c04e1bf3b079022736068') in 0.035804 seconds 
========================================================================
Received Import Request.
  Time since last request: 0.000030 seconds.
  path: Assets/Prefabs/Tank.prefab
  artifactKey: Guid(634b1154b9295cf4e922bc1ca5a0f095) Importer(815301076,1909f56bfc062723c751e8b465ee728b)
Start importing Assets/Prefabs/Tank.prefab using Guid(634b1154b9295cf4e922bc1ca5a0f095) Importer(815301076,1909f56bfc062723c751e8b465ee728b)  -> (artifact id: 'bce27815639d9543011f0304a9bb4f87') in 0.030440 seconds 
========================================================================
Received Import Request.
  Time since last request: 0.000035 seconds.
  path: Assets/Prefabs/BossTank.prefab
  artifactKey: Guid(276045bf90bf39242a384d3d09d9c4b0) Importer(815301076,1909f56bfc062723c751e8b465ee728b)
Start importing Assets/Prefabs/BossTank.prefab using Guid(276045bf90bf39242a384d3d09d9c4b0) Importer(815301076,1909f56bfc062723c751e8b465ee728b)  -> (artifact id: 'f877f9479946038b151233ab20a75c0e') in 0.032124 seconds 
========================================================================
Received Import Request.
  Time since last request: 7.758130 seconds.
  path: Assets/Prefabs/ArmoredFighter.prefab
  artifactKey: Guid(20ed0e47078445e409aa192c7d2757d4) Importer(815301076,1909f56bfc062723c751e8b465ee728b)
Start importing Assets/Prefabs/ArmoredFighter.prefab using Guid(20ed0e47078445e409aa192c7d2757d4) Importer(815301076,1909f56bfc062723c751e8b465ee728b)  -> (artifact id: '7752ecf3d9187e8243f922d57da01038') in 0.030684 seconds 
========================================================================
Received Import Request.
  Time since last request: 0.000022 seconds.
  path: Assets/Prefabs/BossAssasin.prefab
  artifactKey: Guid(c016dcbaf0c4b844cb67ba631c277106) Importer(815301076,1909f56bfc062723c751e8b465ee728b)
Start importing Assets/Prefabs/BossAssasin.prefab using Guid(c016dcbaf0c4b844cb67ba631c277106) Importer(815301076,1909f56bfc062723c751e8b465ee728b)  -> (artifact id: 'c025c6f22622a63cd2cae3200028d30c') in 0.034153 seconds 
========================================================================
Received Import Request.
  Time since last request: 0.000031 seconds.
  path: Assets/Prefabs/Enemy.prefab
  artifactKey: Guid(b8b767394c8da00438e1f522cbe33992) Importer(815301076,1909f56bfc062723c751e8b465ee728b)
Start importing Assets/Prefabs/Enemy.prefab using Guid(b8b767394c8da00438e1f522cbe33992) Importer(815301076,1909f56bfc062723c751e8b465ee728b)  -> (artifact id: '1ea4ee52617c68315d4ce08b08471f95') in 0.038008 seconds 
========================================================================
Received Import Request.
  Time since last request: 0.000022 seconds.
  path: Assets/Prefabs/Fighter.prefab
  artifactKey: Guid(4b0a714e4703f3f45b588248dab5033e) Importer(815301076,1909f56bfc062723c751e8b465ee728b)
Start importing Assets/Prefabs/Fighter.prefab using Guid(4b0a714e4703f3f45b588248dab5033e) Importer(815301076,1909f56bfc062723c751e8b465ee728b)  -> (artifact id: '8e56684884db7b830542fcb0d1a54b2a') in 0.030848 seconds 
========================================================================
Received Import Request.
  Time since last request: 5.022903 seconds.
  path: Assets/Prefabs/ArmoredFighter.prefab
  artifactKey: Guid(20ed0e47078445e409aa192c7d2757d4) Importer(815301076,1909f56bfc062723c751e8b465ee728b)
Start importing Assets/Prefabs/ArmoredFighter.prefab using Guid(20ed0e47078445e409aa192c7d2757d4) Importer(815301076,1909f56bfc062723c751e8b465ee728b)  -> (artifact id: 'b717bee79659f00848b85e2bcbe11499') in 0.030414 seconds 
========================================================================
Received Import Request.
  Time since last request: 0.000023 seconds.
  path: Assets/Prefabs/BossFighter.prefab
  artifactKey: Guid(e0469f4bb2267dc40a700f44504d6a1c) Importer(815301076,1909f56bfc062723c751e8b465ee728b)
Start importing Assets/Prefabs/BossFighter.prefab using Guid(e0469f4bb2267dc40a700f44504d6a1c) Importer(815301076,1909f56bfc062723c751e8b465ee728b)  -> (artifact id: '797756c08dfed8aecfe230318593fefa') in 0.031860 seconds 
========================================================================
Received Import Request.
  Time since last request: 0.000020 seconds.
  path: Assets/Prefabs/Enemy.prefab
  artifactKey: Guid(b8b767394c8da00438e1f522cbe33992) Importer(815301076,1909f56bfc062723c751e8b465ee728b)
Start importing Assets/Prefabs/Enemy.prefab using Guid(b8b767394c8da00438e1f522cbe33992) Importer(815301076,1909f56bfc062723c751e8b465ee728b)  -> (artifact id: '0bd416160e0e80201e8a249a721c2be7') in 0.037328 seconds 
========================================================================
Received Import Request.
  Time since last request: 0.000024 seconds.
  path: Assets/Prefabs/Fighter.prefab
  artifactKey: Guid(4b0a714e4703f3f45b588248dab5033e) Importer(815301076,1909f56bfc062723c751e8b465ee728b)
Start importing Assets/Prefabs/Fighter.prefab using Guid(4b0a714e4703f3f45b588248dab5033e) Importer(815301076,1909f56bfc062723c751e8b465ee728b)  -> (artifact id: 'c9e1ab3173d060ff21b7a19afd542d9b') in 0.030061 seconds 
========================================================================
Received Import Request.
  Time since last request: 2.290259 seconds.
  path: Assets/Prefabs/ArmoredFighter.prefab
  artifactKey: Guid(20ed0e47078445e409aa192c7d2757d4) Importer(815301076,1909f56bfc062723c751e8b465ee728b)
Start importing Assets/Prefabs/ArmoredFighter.prefab using Guid(20ed0e47078445e409aa192c7d2757d4) Importer(815301076,1909f56bfc062723c751e8b465ee728b)  -> (artifact id: 'd6565b4946add09300fbc3e5530f2dba') in 0.029535 seconds 
========================================================================
Received Import Request.
  Time since last request: 0.000021 seconds.
  path: Assets/Prefabs/ArmoredTank.prefab
  artifactKey: Guid(a807962e94ba39e40b7fac9e8daee942) Importer(815301076,1909f56bfc062723c751e8b465ee728b)
Start importing Assets/Prefabs/ArmoredTank.prefab using Guid(a807962e94ba39e40b7fac9e8daee942) Importer(815301076,1909f56bfc062723c751e8b465ee728b)  -> (artifact id: '0e23fd2abedb6cab0b919eb87ff002b7') in 0.031280 seconds 
========================================================================
Received Import Request.
  Time since last request: 0.000023 seconds.
  path: Assets/Prefabs/TextHolder.prefab
  artifactKey: Guid(4abe907b3838e624ebcd32aafcef55ce) Importer(815301076,1909f56bfc062723c751e8b465ee728b)
Start importing Assets/Prefabs/TextHolder.prefab using Guid(4abe907b3838e624ebcd32aafcef55ce) Importer(815301076,1909f56bfc062723c751e8b465ee728b)  -> (artifact id: '0a0953ca9d1deff7a230e4e66c749c0c') in 0.022856 seconds 
========================================================================
Received Import Request.
  Time since last request: 0.000023 seconds.
  path: Assets/Prefabs/MaxEnemy.prefab
  artifactKey: Guid(f490a2c8e74c4ae4183f00f6be619013) Importer(815301076,1909f56bfc062723c751e8b465ee728b)
Start importing Assets/Prefabs/MaxEnemy.prefab using Guid(f490a2c8e74c4ae4183f00f6be619013) Importer(815301076,1909f56bfc062723c751e8b465ee728b)  -> (artifact id: 'c7f8ca4d0ca87d067aa357ae686d2828') in 0.034234 seconds 
Editor requested this worker to shutdown with reason: Scaling down because of idle timeout
AssetImportWorker is now disconnected from the server
Process exiting
Exiting without the bug reporter. Application will terminate with return code 0